<?xml version="1.0" encoding="UTF-8"?>
<con:soapui-project id="0a3d84c0-884a-4854-9575-a98e3db2c052" activeEnvironment="Default" name="Test" resourceRoot="${projectDir}" soapui-version="5.7.0" abortOnError="false" runType="SEQUENTIAL" xmlns:con="http://eviware.com/soapui/config"><con:settings/><con:interface xsi:type="con:WsdlInterface" id="151c95d1-77ef-498a-a8a6-cfeeb7db3c30" wsaVersion="NONE" name="WrapperSoapServerBinding" type="wsdl" bindingName="{http://foo.bar/wrappersoapserver}WrapperSoapServerBinding" soapVersion="1_1" anonymous="optional" definition="http://users.bugred.ru/tasks/soap/WrapperSoapServer.php?wsdl" xmlns:xsi="http://www.w3.org/2001/XMLSchema-instance"><con:settings/><con:definitionCache type="TEXT" rootPart="http://users.bugred.ru/tasks/soap/WrapperSoapServer.php?wsdl"><con:part><con:url>http://users.bugred.ru/tasks/soap/WrapperSoapServer.php?wsdl</con:url><con:content><![CDATA[<definitions name="WrapperSoapServer" targetNamespace="http://foo.bar/wrappersoapserver" xmlns:tns="http://foo.bar/wrappersoapserver" xmlns:xsd="http://www.w3.org/2001/XMLSchema" xmlns:soap="http://schemas.xmlsoap.org/wsdl/soap/" xmlns:soapenc="http://schemas.xmlsoap.org/soap/encoding/" xmlns="http://schemas.xmlsoap.org/wsdl/" xmlns:ns="http://foo.bar/wrappersoapserver/types">
  <types>
    <xsd:schema targetNamespace="http://foo.bar/wrappersoapserver/types" xmlns="http://foo.bar/wrappersoapserver/types">
      <xsd:complexType name="ArrayOfResults">
        <xsd:complexContent>
          <xsd:restriction base="soapenc:Array">
            <xsd:attribute ref="soapenc:arrayType" soap:arrayType="xsd:array[]"/>
          </xsd:restriction>
        </xsd:complexContent>
      </xsd:complexType>
      <xsd:complexType name="MagicSearch">
        <xsd:sequence>
          <xsd:element name="foundCount" type="xsd:int"/>
          <xsd:element name="results" type="ns:ArrayOfResults"/>
        </xsd:sequence>
      </xsd:complexType>
      <xsd:element name="MagicSearch" nillable="true" type="ns:MagicSearch"/>
      <xsd:complexType name="ArrayOfCompany_users">
        <xsd:complexContent>
          <xsd:restriction base="soapenc:Array">
            <xsd:attribute ref="soapenc:arrayType" soap:arrayType="xsd:array[]"/>
          </xsd:restriction>
        </xsd:complexContent>
      </xsd:complexType>
      <xsd:complexType name="ArrayOfUsers">
        <xsd:complexContent>
          <xsd:restriction base="soapenc:Array">
            <xsd:attribute ref="soapenc:arrayType" soap:arrayType="xsd:array[]"/>
          </xsd:restriction>
        </xsd:complexContent>
      </xsd:complexType>
      <xsd:complexType name="CompanyReturn">
        <xsd:sequence>
          <xsd:element name="id_company" type="xsd:int"/>
          <xsd:element name="message" type="xsd:string"/>
          <xsd:element name="name" type="xsd:string"/>
          <xsd:element name="type" type="xsd:string"/>
          <xsd:element name="inn" type="xsd:string"/>
          <xsd:element name="ogrn" type="xsd:string"/>
          <xsd:element name="kpp" type="xsd:string"/>
          <xsd:element name="phone" type="xsd:string"/>
          <xsd:element name="adress" type="xsd:string"/>
          <xsd:element name="users" type="ns:ArrayOfUsers"/>
        </xsd:sequence>
      </xsd:complexType>
      <xsd:element name="CompanyReturn" nillable="true" type="ns:CompanyReturn"/>
      <xsd:complexType name="ArrayOfTasks">
        <xsd:complexContent>
          <xsd:restriction base="soapenc:Array">
            <xsd:attribute ref="soapenc:arrayType" soap:arrayType="xsd:array[]"/>
          </xsd:restriction>
        </xsd:complexContent>
      </xsd:complexType>
      <xsd:complexType name="ArrayOfCompanies">
        <xsd:complexContent>
          <xsd:restriction base="soapenc:Array">
            <xsd:attribute ref="soapenc:arrayType" soap:arrayType="xsd:array[]"/>
          </xsd:restriction>
        </xsd:complexContent>
      </xsd:complexType>
      <xsd:complexType name="UserReturnTask">
        <xsd:sequence>
          <xsd:element name="email" type="xsd:string"/>
          <xsd:element name="name" type="xsd:string"/>
          <xsd:element name="avatar" type="xsd:string"/>
          <xsd:element name="password" type="xsd:string"/>
          <xsd:element name="birthday" type="xsd:string"/>
          <xsd:element name="gender" type="xsd:string"/>
          <xsd:element name="date_start" type="xsd:string"/>
          <xsd:element name="hobby" type="xsd:string"/>
          <xsd:element name="name1" type="xsd:string"/>
          <xsd:element name="surname1" type="xsd:string"/>
          <xsd:element name="fathername1" type="xsd:string"/>
          <xsd:element name="cat" type="xsd:string"/>
          <xsd:element name="dog" type="xsd:string"/>
          <xsd:element name="parrot" type="xsd:string"/>
          <xsd:element name="cavy" type="xsd:string"/>
          <xsd:element name="hamster" type="xsd:string"/>
          <xsd:element name="squirrel" type="xsd:string"/>
          <xsd:element name="phone" type="xsd:string"/>
          <xsd:element name="adres" type="xsd:string"/>
          <xsd:element name="tasks" type="ns:ArrayOfTasks"/>
          <xsd:element name="companies" type="ns:ArrayOfCompanies"/>
        </xsd:sequence>
      </xsd:complexType>
      <xsd:element name="UserReturnTask" nillable="true" type="ns:UserReturnTask"/>
      <xsd:complexType name="TaskReturn">
        <xsd:sequence>
          <xsd:element name="id_task" type="xsd:int"/>
          <xsd:element name="message" type="xsd:string"/>
        </xsd:sequence>
      </xsd:complexType>
      <xsd:element name="TaskReturn" nillable="true" type="ns:TaskReturn"/>
      <xsd:complexType name="UserReturn">
        <xsd:sequence>
          <xsd:element name="email" type="xsd:string"/>
          <xsd:element name="name" type="xsd:string"/>
          <xsd:element name="avatar" type="xsd:string"/>
          <xsd:element name="password" type="xsd:string"/>
          <xsd:element name="birthday" type="xsd:string"/>
          <xsd:element name="gender" type="xsd:string"/>
          <xsd:element name="date_start" type="xsd:string"/>
          <xsd:element name="hobby" type="xsd:string"/>
          <xsd:element name="name1" type="xsd:string"/>
          <xsd:element name="surname1" type="xsd:string"/>
          <xsd:element name="fathername1" type="xsd:string"/>
          <xsd:element name="cat" type="xsd:string"/>
          <xsd:element name="dog" type="xsd:string"/>
          <xsd:element name="parrot" type="xsd:string"/>
          <xsd:element name="cavy" type="xsd:string"/>
          <xsd:element name="hamster" type="xsd:string"/>
          <xsd:element name="squirrel" type="xsd:string"/>
          <xsd:element name="phone" type="xsd:string"/>
          <xsd:element name="adres" type="xsd:string"/>
          <xsd:element name="inn" type="xsd:int"/>
        </xsd:sequence>
      </xsd:complexType>
      <xsd:element name="UserReturn" nillable="true" type="ns:UserReturn"/>
      <xsd:complexType name="ArrayOfCompanys">
        <xsd:complexContent>
          <xsd:restriction base="soapenc:Array">
            <xsd:attribute ref="soapenc:arrayType" soap:arrayType="xsd:array[]"/>
          </xsd:restriction>
        </xsd:complexContent>
      </xsd:complexType>
      <xsd:complexType name="UserReturnFull">
        <xsd:sequence>
          <xsd:element name="email" type="xsd:string"/>
          <xsd:element name="name" type="xsd:string"/>
          <xsd:element name="avatar" type="xsd:string"/>
          <xsd:element name="password" type="xsd:string"/>
          <xsd:element name="birthday" type="xsd:string"/>
          <xsd:element name="gender" type="xsd:string"/>
          <xsd:element name="date_start" type="xsd:string"/>
          <xsd:element name="hobby" type="xsd:string"/>
          <xsd:element name="name1" type="xsd:string"/>
          <xsd:element name="surname1" type="xsd:string"/>
          <xsd:element name="fathername1" type="xsd:string"/>
          <xsd:element name="cat" type="xsd:string"/>
          <xsd:element name="dog" type="xsd:string"/>
          <xsd:element name="parrot" type="xsd:string"/>
          <xsd:element name="cavy" type="xsd:string"/>
          <xsd:element name="hamster" type="xsd:string"/>
          <xsd:element name="squirrel" type="xsd:string"/>
          <xsd:element name="phone" type="xsd:string"/>
          <xsd:element name="adres" type="xsd:string"/>
          <xsd:element name="tasks" type="ns:ArrayOfTasks"/>
          <xsd:element name="companys" type="ns:ArrayOfCompanys"/>
        </xsd:sequence>
      </xsd:complexType>
      <xsd:element name="UserReturnFull" nillable="true" type="ns:UserReturnFull"/>
    </xsd:schema>
  </types>
  <message name="DeleteTaskRequest">
    <part name="email_owner" type="xsd:string"/>
    <part name="id_task" type="xsd:int"/>
  </message>
  <message name="DeleteTaskResponse">
    <part name="result" type="xsd:string"/>
  </message>
  <message name="MagicSearchRequest">
    <part name="query" type="xsd:string"/>
    <part name="partyType" type="xsd:string"/>
    <part name="fullSimilarity" type="xsd:bool"/>
    <part name="taskStatus" type="xsd:string"/>
    <part name="include" type="xsd:mixed"/>
    <part name="maxCount" type="xsd:int"/>
  </message>
  <message name="MagicSearchResponse">
    <part name="MagicSearch" element="ns:MagicSearch"/>
  </message>
  <message name="AddTaskInCronRequest">
    <part name="email_owner" type="xsd:string"/>
    <part name="id_task" type="xsd:int"/>
    <part name="hours" type="xsd:string"/>
    <part name="minutes" type="xsd:string"/>
    <part name="month" type="xsd:string"/>
    <part name="days" type="xsd:string"/>
    <part name="day_weeks" type="xsd:string"/>
  </message>
  <message name="AddTaskInCronResponse">
    <part name="result" type="xsd:string"/>
  </message>
  <message name="UpdateTaskRequest">
    <part name="email_owner" type="xsd:string"/>
    <part name="email_assign" type="xsd:string"/>
    <part name="id_task" type="xsd:int"/>
    <part name="task_title" type="xsd:string"/>
    <part name="task_description" type="xsd:string"/>
  </message>
  <message name="UpdateTaskResponse">
    <part name="result" type="xsd:string"/>
  </message>
  <message name="CreateCompanyRequest">
    <part name="company_name" type="xsd:string"/>
    <part name="company_type" type="xsd:string"/>
    <part name="company_users" type="ns:ArrayOfCompany_users"/>
    <part name="email_owner" type="xsd:string"/>
  </message>
  <message name="CreateCompanyResponse">
    <part name="CompanyReturn" element="ns:CompanyReturn"/>
  </message>
  <message name="CreateUserRequest">
    <part name="email" type="xsd:string"/>
    <part name="name" type="xsd:string"/>
    <part name="tasks" type="ns:ArrayOfTasks"/>
    <part name="companies" type="ns:ArrayOfCompanies"/>
    <part name="hobby" type="xsd:string"/>
    <part name="adres" type="xsd:string"/>
    <part name="name1" type="xsd:string"/>
    <part name="surname1" type="xsd:string"/>
    <part name="fathername1" type="xsd:string"/>
    <part name="cat" type="xsd:string"/>
    <part name="dog" type="xsd:string"/>
    <part name="parrot" type="xsd:string"/>
    <part name="cavy" type="xsd:string"/>
    <part name="hamster" type="xsd:string"/>
    <part name="squirrel" type="xsd:string"/>
    <part name="phone" type="xsd:string"/>
    <part name="inn" type="xsd:string"/>
    <part name="gender" type="xsd:string"/>
    <part name="birthday" type="xsd:string"/>
    <part name="date_start" type="xsd:string"/>
  </message>
  <message name="CreateUserResponse">
    <part name="UserReturnTask" element="ns:UserReturnTask"/>
  </message>
  <message name="CreateUserWithTasksRequest">
    <part name="email" type="xsd:string"/>
    <part name="name" type="xsd:string"/>
    <part name="tasks" type="ns:ArrayOfTasks"/>
    <part name="companies" type="ns:ArrayOfCompanies"/>
    <part name="hobby" type="xsd:string"/>
    <part name="adres" type="xsd:string"/>
    <part name="name1" type="xsd:string"/>
    <part name="surname1" type="xsd:string"/>
    <part name="fathername1" type="xsd:string"/>
    <part name="cat" type="xsd:string"/>
    <part name="dog" type="xsd:string"/>
    <part name="parrot" type="xsd:string"/>
    <part name="cavy" type="xsd:string"/>
    <part name="hamster" type="xsd:string"/>
    <part name="squirrel" type="xsd:string"/>
    <part name="phone" type="xsd:string"/>
    <part name="inn" type="xsd:string"/>
    <part name="gender" type="xsd:string"/>
    <part name="birthday" type="xsd:string"/>
    <part name="date_start" type="xsd:string"/>
  </message>
  <message name="CreateUserWithTasksResponse">
    <part name="UserReturnTask" element="ns:UserReturnTask"/>
  </message>
  <message name="CreateTaskRequest">
    <part name="task_title" type="xsd:string"/>
    <part name="task_description" type="xsd:string"/>
    <part name="email_owner" type="xsd:string"/>
    <part name="email_assign" type="xsd:string"/>
  </message>
  <message name="CreateTaskResponse">
    <part name="TaskReturn" element="ns:TaskReturn"/>
  </message>
  <message name="DeleteUserRequest">
    <part name="email" type="xsd:string"/>
  </message>
  <message name="DeleteUserResponse">
    <part name="result" type="xsd:string"/>
  </message>
  <message name="UpdateUserOneFieldRequest">
    <part name="email" type="xsd:string"/>
    <part name="field" type="xsd:string"/>
    <part name="value" type="xsd:string"/>
  </message>
  <message name="UpdateUserOneFieldResponse">
    <part name="result" type="xsd:string"/>
  </message>
  <message name="FullUpdateUserRequest">
    <part name="email" type="xsd:string"/>
    <part name="hobby" type="xsd:string"/>
    <part name="name" type="xsd:string"/>
    <part name="name1" type="xsd:string"/>
    <part name="surname1" type="xsd:string"/>
    <part name="fathername1" type="xsd:string"/>
    <part name="cat" type="xsd:string"/>
    <part name="dog" type="xsd:string"/>
    <part name="parrot" type="xsd:string"/>
    <part name="cavy" type="xsd:string"/>
    <part name="hamster" type="xsd:string"/>
    <part name="squirrel" type="xsd:string"/>
    <part name="phone" type="xsd:string"/>
    <part name="adres" type="xsd:string"/>
    <part name="gender" type="xsd:string"/>
    <part name="birthday" type="xsd:string"/>
    <part name="date_start" type="xsd:string"/>
    <part name="inn" type="xsd:string"/>
  </message>
  <message name="FullUpdateUserResponse">
    <part name="userReturn" element="ns:UserReturn"/>
  </message>
  <message name="doLoginRequest">
    <part name="email" type="xsd:string"/>
    <part name="password" type="xsd:string"/>
  </message>
  <message name="doLoginResponse">
    <part name="result" type="xsd:bool"/>
  </message>
  <message name="getCompanyRequest">
    <part name="id_company" type="xsd:int"/>
  </message>
  <message name="getCompanyResponse">
    <part name="companyReturn" element="ns:CompanyReturn"/>
  </message>
  <message name="getUserFullRequest">
    <part name="email" type="xsd:string"/>
  </message>
  <message name="getUserFullResponse">
    <part name="userReturnFull" element="ns:UserReturnFull"/>
  </message>
  <message name="getUserRequest">
    <part name="email" type="xsd:string"/>
  </message>
  <message name="getUserResponse">
    <part name="userReturn" element="ns:UserReturn"/>
  </message>
  <message name="doRegisterRequest">
    <part name="email" type="xsd:string"/>
    <part name="name" type="xsd:string"/>
    <part name="password" type="xsd:string"/>
  </message>
  <message name="doRegisterResponse">
    <part name="userReturn" element="ns:UserReturn"/>
  </message>
  <portType name="WrapperSoapServerPortType">
    <operation name="DeleteTask">
      <input message="tns:DeleteTaskRequest"/>
      <output message="tns:DeleteTaskResponse"/>
    </operation>
    <operation name="MagicSearch">
      <input message="tns:MagicSearchRequest"/>
      <output message="tns:MagicSearchResponse"/>
    </operation>
    <operation name="AddTaskInCron">
      <input message="tns:AddTaskInCronRequest"/>
      <output message="tns:AddTaskInCronResponse"/>
    </operation>
    <operation name="UpdateTask">
      <input message="tns:UpdateTaskRequest"/>
      <output message="tns:UpdateTaskResponse"/>
    </operation>
    <operation name="CreateCompany">
      <input message="tns:CreateCompanyRequest"/>
      <output message="tns:CreateCompanyResponse"/>
    </operation>
    <operation name="CreateUser">
      <input message="tns:CreateUserRequest"/>
      <output message="tns:CreateUserResponse"/>
    </operation>
    <operation name="CreateUserWithTasks">
      <input message="tns:CreateUserWithTasksRequest"/>
      <output message="tns:CreateUserWithTasksResponse"/>
    </operation>
    <operation name="CreateTask">
      <input message="tns:CreateTaskRequest"/>
      <output message="tns:CreateTaskResponse"/>
    </operation>
    <operation name="DeleteUser">
      <input message="tns:DeleteUserRequest"/>
      <output message="tns:DeleteUserResponse"/>
    </operation>
    <operation name="UpdateUserOneField">
      <input message="tns:UpdateUserOneFieldRequest"/>
      <output message="tns:UpdateUserOneFieldResponse"/>
    </operation>
    <operation name="FullUpdateUser">
      <input message="tns:FullUpdateUserRequest"/>
      <output message="tns:FullUpdateUserResponse"/>
    </operation>
    <operation name="doLogin">
      <input message="tns:doLoginRequest"/>
      <output message="tns:doLoginResponse"/>
    </operation>
    <operation name="getCompany">
      <input message="tns:getCompanyRequest"/>
      <output message="tns:getCompanyResponse"/>
    </operation>
    <operation name="getUserFull">
      <input message="tns:getUserFullRequest"/>
      <output message="tns:getUserFullResponse"/>
    </operation>
    <operation name="getUser">
      <input message="tns:getUserRequest"/>
      <output message="tns:getUserResponse"/>
    </operation>
    <operation name="doRegister">
      <input message="tns:doRegisterRequest"/>
      <output message="tns:doRegisterResponse"/>
    </operation>
  </portType>
  <binding name="WrapperSoapServerBinding" type="tns:WrapperSoapServerPortType">
    <soap:binding style="rpc" transport="http://schemas.xmlsoap.org/soap/http"/>
    <operation name="DeleteTask">
      <soap:operation soapAction="http://foo.bar/wrappersoapserver/#DeleteTask"/>
      <input>
        <soap:body use="literal" namespace="http://foo.bar/wrappersoapserver"/>
      </input>
      <output>
        <soap:body use="literal" namespace="http://foo.bar/wrappersoapserver"/>
      </output>
    </operation>
    <operation name="MagicSearch">
      <soap:operation soapAction="http://foo.bar/wrappersoapserver/#MagicSearch"/>
      <input>
        <soap:body use="literal" namespace="http://foo.bar/wrappersoapserver"/>
      </input>
      <output>
        <soap:body use="literal" namespace="http://foo.bar/wrappersoapserver"/>
      </output>
    </operation>
    <operation name="AddTaskInCron">
      <soap:operation soapAction="http://foo.bar/wrappersoapserver/#AddTaskInCron"/>
      <input>
        <soap:body use="literal" namespace="http://foo.bar/wrappersoapserver"/>
      </input>
      <output>
        <soap:body use="literal" namespace="http://foo.bar/wrappersoapserver"/>
      </output>
    </operation>
    <operation name="UpdateTask">
      <soap:operation soapAction="http://foo.bar/wrappersoapserver/#UpdateTask"/>
      <input>
        <soap:body use="literal" namespace="http://foo.bar/wrappersoapserver"/>
      </input>
      <output>
        <soap:body use="literal" namespace="http://foo.bar/wrappersoapserver"/>
      </output>
    </operation>
    <operation name="CreateCompany">
      <soap:operation soapAction="http://foo.bar/wrappersoapserver/#CreateCompany"/>
      <input>
        <soap:body use="literal" namespace="http://foo.bar/wrappersoapserver"/>
      </input>
      <output>
        <soap:body use="literal" namespace="http://foo.bar/wrappersoapserver"/>
      </output>
    </operation>
    <operation name="CreateUser">
      <soap:operation soapAction="http://foo.bar/wrappersoapserver/#CreateUser"/>
      <input>
        <soap:body use="literal" namespace="http://foo.bar/wrappersoapserver"/>
      </input>
      <output>
        <soap:body use="literal" namespace="http://foo.bar/wrappersoapserver"/>
      </output>
    </operation>
    <operation name="CreateUserWithTasks">
      <soap:operation soapAction="http://foo.bar/wrappersoapserver/#CreateUserWithTasks"/>
      <input>
        <soap:body use="literal" namespace="http://foo.bar/wrappersoapserver"/>
      </input>
      <output>
        <soap:body use="literal" namespace="http://foo.bar/wrappersoapserver"/>
      </output>
    </operation>
    <operation name="CreateTask">
      <soap:operation soapAction="http://foo.bar/wrappersoapserver/#CreateTask"/>
      <input>
        <soap:body use="literal" namespace="http://foo.bar/wrappersoapserver"/>
      </input>
      <output>
        <soap:body use="literal" namespace="http://foo.bar/wrappersoapserver"/>
      </output>
    </operation>
    <operation name="DeleteUser">
      <soap:operation soapAction="http://foo.bar/wrappersoapserver/#DeleteUser"/>
      <input>
        <soap:body use="literal" namespace="http://foo.bar/wrappersoapserver"/>
      </input>
      <output>
        <soap:body use="literal" namespace="http://foo.bar/wrappersoapserver"/>
      </output>
    </operation>
    <operation name="UpdateUserOneField">
      <soap:operation soapAction="http://foo.bar/wrappersoapserver/#UpdateUserOneField"/>
      <input>
        <soap:body use="literal" namespace="http://foo.bar/wrappersoapserver"/>
      </input>
      <output>
        <soap:body use="literal" namespace="http://foo.bar/wrappersoapserver"/>
      </output>
    </operation>
    <operation name="FullUpdateUser">
      <soap:operation soapAction="http://foo.bar/wrappersoapserver/#FullUpdateUser"/>
      <input>
        <soap:body use="literal" namespace="http://foo.bar/wrappersoapserver"/>
      </input>
      <output>
        <soap:body use="literal" namespace="http://foo.bar/wrappersoapserver"/>
      </output>
    </operation>
    <operation name="doLogin">
      <soap:operation soapAction="http://foo.bar/wrappersoapserver/#doLogin"/>
      <input>
        <soap:body use="literal" namespace="http://foo.bar/wrappersoapserver"/>
      </input>
      <output>
        <soap:body use="literal" namespace="http://foo.bar/wrappersoapserver"/>
      </output>
    </operation>
    <operation name="getCompany">
      <soap:operation soapAction="http://foo.bar/wrappersoapserver/#getCompany"/>
      <input>
        <soap:body use="literal" namespace="http://foo.bar/wrappersoapserver"/>
      </input>
      <output>
        <soap:body use="literal" namespace="http://foo.bar/wrappersoapserver"/>
      </output>
    </operation>
    <operation name="getUserFull">
      <soap:operation soapAction="http://foo.bar/wrappersoapserver/#getUserFull"/>
      <input>
        <soap:body use="literal" namespace="http://foo.bar/wrappersoapserver"/>
      </input>
      <output>
        <soap:body use="literal" namespace="http://foo.bar/wrappersoapserver"/>
      </output>
    </operation>
    <operation name="getUser">
      <soap:operation soapAction="http://foo.bar/wrappersoapserver/#getUser"/>
      <input>
        <soap:body use="literal" namespace="http://foo.bar/wrappersoapserver"/>
      </input>
      <output>
        <soap:body use="literal" namespace="http://foo.bar/wrappersoapserver"/>
      </output>
    </operation>
    <operation name="doRegister">
      <soap:operation soapAction="http://foo.bar/wrappersoapserver/#doRegister"/>
      <input>
        <soap:body use="literal" namespace="http://foo.bar/wrappersoapserver"/>
      </input>
      <output>
        <soap:body use="literal" namespace="http://foo.bar/wrappersoapserver"/>
      </output>
    </operation>
  </binding>
  <service name="WrapperSoapServerService">
    <port name="WrapperSoapServerPort" binding="tns:WrapperSoapServerBinding">
      <soap:address location="http://users.bugred.ru/tasks/soap/WrapperSoapServer.php"/>
    </port>
  </service>
</definitions>]]></con:content><con:type>http://schemas.xmlsoap.org/wsdl/</con:type></con:part></con:definitionCache><con:endpoints><con:endpoint>http://users.bugred.ru/tasks/soap/WrapperSoapServer.php</con:endpoint></con:endpoints><con:operation id="f743402d-bcc1-4afe-b12e-5d735bba6ba3" isOneWay="false" action="http://foo.bar/wrappersoapserver/#AddTaskInCron" name="AddTaskInCron" bindingOperationName="AddTaskInCron" type="Request-Response" inputName="" receivesAttachments="false" sendsAttachments="false" anonymous="optional"><con:settings/><con:call id="c0f10af3-be27-4bc5-8055-ba044e3c9649" name="Request 1"><con:settings/><con:encoding>UTF-8</con:encoding><con:endpoint>http://users.bugred.ru/tasks/soap/WrapperSoapServer.php</con:endpoint><con:request><![CDATA[<soapenv:Envelope xmlns:soapenv="http://schemas.xmlsoap.org/soap/envelope/" xmlns:wrap="http://foo.bar/wrappersoapserver">\r
   <soapenv:Header/>\r
   <soapenv:Body>\r
      <wrap:AddTaskInCron>\r
         <email_owner>?</email_owner>\r
         <id_task>?</id_task>\r
         <hours>?</hours>\r
         <minutes>?</minutes>\r
         <month>?</month>\r
         <days>?</days>\r
         <day_weeks>?</day_weeks>\r
      </wrap:AddTaskInCron>\r
   </soapenv:Body>\r
</soapenv:Envelope>]]></con:request><con:wsaConfig mustUnderstand="NONE" version="200508" action="http://foo.bar/wrappersoapserver/#AddTaskInCron"/></con:call></con:operation><con:operation id="c7295e86-1283-443c-bffe-cd785da7277f" isOneWay="false" action="http://foo.bar/wrappersoapserver/#CreateCompany" name="CreateCompany" bindingOperationName="CreateCompany" type="Request-Response" inputName="" receivesAttachments="false" sendsAttachments="false" anonymous="optional"><con:settings/><con:call id="ef8e5099-708d-4ccc-a34e-4a66c768f0e4" name="Request 1"><con:settings/><con:encoding>UTF-8</con:encoding><con:endpoint>http://users.bugred.ru/tasks/soap/WrapperSoapServer.php</con:endpoint><con:request><![CDATA[<soapenv:Envelope xmlns:soapenv="http://schemas.xmlsoap.org/soap/envelope/" xmlns:wrap="http://foo.bar/wrappersoapserver" xmlns:soapenc="http://schemas.xmlsoap.org/soap/encoding/">\r
   <soapenv:Header/>\r
   <soapenv:Body>\r
      <wrap:CreateCompany>\r
         <company_name>?</company_name>\r
         <company_type>?</company_type>\r
         <company_users soapenc:arrayType="?" soapenc:offset="?" id="?" href="?"/>\r
         <email_owner>?</email_owner>\r
      </wrap:CreateCompany>\r
   </soapenv:Body>\r
</soapenv:Envelope>]]></con:request><con:wsaConfig mustUnderstand="NONE" version="200508" action="http://foo.bar/wrappersoapserver/#CreateCompany"/></con:call></con:operation><con:operation id="b004080b-4e4c-4f2d-9ef1-9c914b88de83" isOneWay="false" action="http://foo.bar/wrappersoapserver/#CreateTask" name="CreateTask" bindingOperationName="CreateTask" type="Request-Response" inputName="" receivesAttachments="false" sendsAttachments="false" anonymous="optional"><con:settings/><con:call id="699d41ed-e9c3-445e-9bba-8c4fd3fc41b0" name="Request 1"><con:settings/><con:encoding>UTF-8</con:encoding><con:endpoint>http://users.bugred.ru/tasks/soap/WrapperSoapServer.php</con:endpoint><con:request><![CDATA[<soapenv:Envelope xmlns:soapenv="http://schemas.xmlsoap.org/soap/envelope/" xmlns:wrap="http://foo.bar/wrappersoapserver">\r
   <soapenv:Header/>\r
   <soapenv:Body>\r
      <wrap:CreateTask>\r
         <task_title>?</task_title>\r
         <task_description>?</task_description>\r
         <email_owner>?</email_owner>\r
         <email_assign>?</email_assign>\r
      </wrap:CreateTask>\r
   </soapenv:Body>\r
</soapenv:Envelope>]]></con:request><con:wsaConfig mustUnderstand="NONE" version="200508" action="http://foo.bar/wrappersoapserver/#CreateTask"/></con:call></con:operation><con:operation id="aca79e70-575a-4865-b205-0426da3ab67e" isOneWay="false" action="http://foo.bar/wrappersoapserver/#CreateUser" name="CreateUser" bindingOperationName="CreateUser" type="Request-Response" inputName="" receivesAttachments="false" sendsAttachments="false" anonymous="optional"><con:settings/><con:call id="886c4ac1-77c7-4556-91ba-09284cb3b972" name="Request 1"><con:settings/><con:encoding>UTF-8</con:encoding><con:endpoint>http://users.bugred.ru/tasks/soap/WrapperSoapServer.php</con:endpoint><con:request><![CDATA[<soapenv:Envelope xmlns:soapenv="http://schemas.xmlsoap.org/soap/envelope/" xmlns:wrap="http://foo.bar/wrappersoapserver" xmlns:soapenc="http://schemas.xmlsoap.org/soap/encoding/">\r
   <soapenv:Header/>\r
   <soapenv:Body>\r
      <wrap:CreateUser>\r
         <email>?</email>\r
         <name>?</name>\r
         <tasks soapenc:arrayType="?" soapenc:offset="?" id="?" href="?"/>\r
         <companies soapenc:arrayType="?" soapenc:offset="?" id="?" href="?"/>\r
         <hobby>?</hobby>\r
         <adres>?</adres>\r
         <name1>?</name1>\r
         <surname1>?</surname1>\r
         <fathername1>?</fathername1>\r
         <cat>?</cat>\r
         <dog>?</dog>\r
         <parrot>?</parrot>\r
         <cavy>?</cavy>\r
         <hamster>?</hamster>\r
         <squirrel>?</squirrel>\r
         <phone>?</phone>\r
         <inn>?</inn>\r
         <gender>?</gender>\r
         <birthday>?</birthday>\r
         <date_start>?</date_start>\r
      </wrap:CreateUser>\r
   </soapenv:Body>\r
</soapenv:Envelope>]]></con:request><con:credentials><con:authType>No Authorization</con:authType></con:credentials><con:jmsConfig JMSDeliveryMode="PERSISTENT"/><con:jmsPropertyConfig/><con:wsaConfig mustUnderstand="NONE" version="200508" action="http://foo.bar/wrappersoapserver/#CreateUser"/><con:wsrmConfig version="1.2"/></con:call></con:operation><con:operation id="a9978561-cbf9-4395-9d19-2a4dc706b303" isOneWay="false" action="http://foo.bar/wrappersoapserver/#CreateUserWithTasks" name="CreateUserWithTasks" bindingOperationName="CreateUserWithTasks" type="Request-Response" inputName="" receivesAttachments="false" sendsAttachments="false" anonymous="optional"><con:settings/><con:call id="1bc562a4-2df6-4c59-a0d5-74b5b6ffa54e" name="Request 1"><con:settings/><con:encoding>UTF-8</con:encoding><con:endpoint>http://users.bugred.ru/tasks/soap/WrapperSoapServer.php</con:endpoint><con:request><![CDATA[<soapenv:Envelope xmlns:soapenv="http://schemas.xmlsoap.org/soap/envelope/" xmlns:wrap="http://foo.bar/wrappersoapserver" xmlns:soapenc="http://schemas.xmlsoap.org/soap/encoding/">\r
   <soapenv:Header/>\r
   <soapenv:Body>\r
      <wrap:CreateUserWithTasks>\r
         <email>?</email>\r
         <name>?</name>\r
         <tasks soapenc:arrayType="?" soapenc:offset="?" id="?" href="?"/>\r
         <companies soapenc:arrayType="?" soapenc:offset="?" id="?" href="?"/>\r
         <hobby>?</hobby>\r
         <adres>?</adres>\r
         <name1>?</name1>\r
         <surname1>?</surname1>\r
         <fathername1>?</fathername1>\r
         <cat>?</cat>\r
         <dog>?</dog>\r
         <parrot>?</parrot>\r
         <cavy>?</cavy>\r
         <hamster>?</hamster>\r
         <squirrel>?</squirrel>\r
         <phone>?</phone>\r
         <inn>?</inn>\r
         <gender>?</gender>\r
         <birthday>?</birthday>\r
         <date_start>?</date_start>\r
      </wrap:CreateUserWithTasks>\r
   </soapenv:Body>\r
</soapenv:Envelope>]]></con:request><con:wsaConfig mustUnderstand="NONE" version="200508" action="http://foo.bar/wrappersoapserver/#CreateUserWithTasks"/></con:call></con:operation><con:operation id="6b023cb6-1879-451f-89a9-1114cbcf6d6d" isOneWay="false" action="http://foo.bar/wrappersoapserver/#DeleteTask" name="DeleteTask" bindingOperationName="DeleteTask" type="Request-Response" inputName="" receivesAttachments="false" sendsAttachments="false" anonymous="optional"><con:settings/><con:call id="4aa24f82-1937-4128-bb3e-cf40f31723a9" name="Request 1"><con:settings/><con:encoding>UTF-8</con:encoding><con:endpoint>http://users.bugred.ru/tasks/soap/WrapperSoapServer.php</con:endpoint><con:request><![CDATA[<soapenv:Envelope xmlns:soapenv="http://schemas.xmlsoap.org/soap/envelope/" xmlns:wrap="http://foo.bar/wrappersoapserver">\r
   <soapenv:Header/>\r
   <soapenv:Body>\r
      <wrap:DeleteTask>\r
         <email_owner>?</email_owner>\r
         <id_task>?</id_task>\r
      </wrap:DeleteTask>\r
   </soapenv:Body>\r
</soapenv:Envelope>]]></con:request><con:wsaConfig mustUnderstand="NONE" version="200508" action="http://foo.bar/wrappersoapserver/#DeleteTask"/></con:call></con:operation><con:operation id="2d196046-5dcc-4adc-855f-821bc0a6702a" isOneWay="false" action="http://foo.bar/wrappersoapserver/#DeleteUser" name="DeleteUser" bindingOperationName="DeleteUser" type="Request-Response" inputName="" receivesAttachments="false" sendsAttachments="false" anonymous="optional"><con:settings/><con:call id="e23e6552-3940-4d81-ad25-5c829a130d28" name="Request 1"><con:settings/><con:encoding>UTF-8</con:encoding><con:endpoint>http://users.bugred.ru/tasks/soap/WrapperSoapServer.php</con:endpoint><con:request><![CDATA[<soapenv:Envelope xmlns:soapenv="http://schemas.xmlsoap.org/soap/envelope/" xmlns:wrap="http://foo.bar/wrappersoapserver">\r
   <soapenv:Header/>\r
   <soapenv:Body>\r
      <wrap:DeleteUser>\r
         <email>?</email>\r
      </wrap:DeleteUser>\r
   </soapenv:Body>\r
</soapenv:Envelope>]]></con:request><con:wsaConfig mustUnderstand="NONE" version="200508" action="http://foo.bar/wrappersoapserver/#DeleteUser"/></con:call></con:operation><con:operation id="69f88e3c-19c5-4c6f-9165-b880a45abc08" isOneWay="false" action="http://foo.bar/wrappersoapserver/#doLogin" name="doLogin" bindingOperationName="doLogin" type="Request-Response" inputName="" receivesAttachments="false" sendsAttachments="false" anonymous="optional"><con:settings/><con:call id="bb4bafdd-a665-4d23-bf5f-2ca4632a31cb" name="Request 1"><con:settings/><con:encoding>UTF-8</con:encoding><con:endpoint>http://users.bugred.ru/tasks/soap/WrapperSoapServer.php</con:endpoint><con:request><![CDATA[<soapenv:Envelope xmlns:soapenv="http://schemas.xmlsoap.org/soap/envelope/" xmlns:wrap="http://foo.bar/wrappersoapserver">\r
   <soapenv:Header/>\r
   <soapenv:Body>\r
      <wrap:doLogin>\r
         <email>?</email>\r
         <password>?</password>\r
      </wrap:doLogin>\r
   </soapenv:Body>\r
</soapenv:Envelope>]]></con:request><con:wsaConfig mustUnderstand="NONE" version="200508" action="http://foo.bar/wrappersoapserver/#doLogin"/></con:call></con:operation><con:operation id="484eac1d-1b45-48e8-91bc-6b36a95920ab" isOneWay="false" action="http://foo.bar/wrappersoapserver/#doRegister" name="doRegister" bindingOperationName="doRegister" type="Request-Response" inputName="" receivesAttachments="false" sendsAttachments="false" anonymous="optional"><con:settings/><con:call id="6b4435fa-e032-456b-8d63-c65521b4fab7" name="Request 1"><con:settings><con:setting id="com.eviware.soapui.impl.wsdl.WsdlRequest@request-headers">&lt;xml-fragment/></con:setting></con:settings><con:encoding>UTF-8</con:encoding><con:endpoint>http://users.bugred.ru/tasks/soap/WrapperSoapServer.php</con:endpoint><con:request><![CDATA[<soapenv:Envelope xmlns:soapenv="http://schemas.xmlsoap.org/soap/envelope/" xmlns:wrap="http://foo.bar/wrappersoapserver">\r
   <soapenv:Header/>\r
   <soapenv:Body>\r
      <wrap:doRegister>\r
         <email>test6@mail.ru</email>\r
         <name>test6</name>\r
         <password>test6</password>\r
      </wrap:doRegister>\r
   </soapenv:Body>\r
</soapenv:Envelope>]]></con:request><con:credentials><con:authType>No Authorization</con:authType></con:credentials><con:jmsConfig JMSDeliveryMode="PERSISTENT"/><con:jmsPropertyConfig/><con:wsaConfig mustUnderstand="NONE" version="200508" action="http://foo.bar/wrappersoapserver/#doRegister"/><con:wsrmConfig version="1.2"/></con:call></con:operation><con:operation id="34367fbd-acaa-499d-8257-cb2294b55193" isOneWay="false" action="http://foo.bar/wrappersoapserver/#FullUpdateUser" name="FullUpdateUser" bindingOperationName="FullUpdateUser" type="Request-Response" inputName="" receivesAttachments="false" sendsAttachments="false" anonymous="optional"><con:settings/><con:call id="48d35065-265f-4799-9ae4-25fcf1cae2a5" name="Request 1"><con:settings/><con:encoding>UTF-8</con:encoding><con:endpoint>http://users.bugred.ru/tasks/soap/WrapperSoapServer.php</con:endpoint><con:request><![CDATA[<soapenv:Envelope xmlns:soapenv="http://schemas.xmlsoap.org/soap/envelope/" xmlns:wrap="http://foo.bar/wrappersoapserver">\r
   <soapenv:Header/>\r
   <soapenv:Body>\r
      <wrap:FullUpdateUser>\r
         <email>?</email>\r
         <hobby>?</hobby>\r
         <name>?</name>\r
         <name1>?</name1>\r
         <surname1>?</surname1>\r
         <fathername1>?</fathername1>\r
         <cat>?</cat>\r
         <dog>?</dog>\r
         <parrot>?</parrot>\r
         <cavy>?</cavy>\r
         <hamster>?</hamster>\r
         <squirrel>?</squirrel>\r
         <phone>?</phone>\r
         <adres>?</adres>\r
         <gender>?</gender>\r
         <birthday>?</birthday>\r
         <date_start>?</date_start>\r
         <inn>?</inn>\r
      </wrap:FullUpdateUser>\r
   </soapenv:Body>\r
</soapenv:Envelope>]]></con:request><con:wsaConfig mustUnderstand="NONE" version="200508" action="http://foo.bar/wrappersoapserver/#FullUpdateUser"/></con:call></con:operation><con:operation id="8fa3ace8-ab07-4193-bdb6-58d46b323ecb" isOneWay="false" action="http://foo.bar/wrappersoapserver/#getCompany" name="getCompany" bindingOperationName="getCompany" type="Request-Response" inputName="" receivesAttachments="false" sendsAttachments="false" anonymous="optional"><con:settings/><con:call id="891c3fa4-7f39-4792-81a2-27110fb0c6fd" name="Request 1"><con:settings/><con:encoding>UTF-8</con:encoding><con:endpoint>http://users.bugred.ru/tasks/soap/WrapperSoapServer.php</con:endpoint><con:request><![CDATA[<soapenv:Envelope xmlns:soapenv="http://schemas.xmlsoap.org/soap/envelope/" xmlns:wrap="http://foo.bar/wrappersoapserver">\r
   <soapenv:Header/>\r
   <soapenv:Body>\r
      <wrap:getCompany>\r
         <id_company>?</id_company>\r
      </wrap:getCompany>\r
   </soapenv:Body>\r
</soapenv:Envelope>]]></con:request><con:wsaConfig mustUnderstand="NONE" version="200508" action="http://foo.bar/wrappersoapserver/#getCompany"/></con:call></con:operation><con:operation id="20847f43-2e78-4f67-998d-dee36a553f54" isOneWay="false" action="http://foo.bar/wrappersoapserver/#getUser" name="getUser" bindingOperationName="getUser" type="Request-Response" inputName="" receivesAttachments="false" sendsAttachments="false" anonymous="optional"><con:settings/><con:call id="4c2b6335-a8dc-4e9b-9af8-61bb661b4810" name="Request 1"><con:settings><con:setting id="com.eviware.soapui.impl.wsdl.WsdlRequest@request-headers">&lt;xml-fragment/></con:setting></con:settings><con:encoding>UTF-8</con:encoding><con:endpoint>http://users.bugred.ru/tasks/soap/WrapperSoapServer.php</con:endpoint><con:request><![CDATA[<soapenv:Envelope xmlns:soapenv="http://schemas.xmlsoap.org/soap/envelope/" xmlns:wrap="http://foo.bar/wrappersoapserver">\r
   <soapenv:Header/>\r
   <soapenv:Body>\r
      <wrap:getUser>\r
         <email>test6@mail.ru</email>\r
      </wrap:getUser>\r
   </soapenv:Body>\r
</soapenv:Envelope>]]></con:request><con:credentials><con:authType>No Authorization</con:authType></con:credentials><con:jmsConfig JMSDeliveryMode="PERSISTENT"/><con:jmsPropertyConfig/><con:wsaConfig mustUnderstand="NONE" version="200508" action="http://foo.bar/wrappersoapserver/#getUser"/><con:wsrmConfig version="1.2"/></con:call></con:operation><con:operation id="0d3e82ea-97ed-4964-aaba-7885742403bc" isOneWay="false" action="http://foo.bar/wrappersoapserver/#getUserFull" name="getUserFull" bindingOperationName="getUserFull" type="Request-Response" inputName="" receivesAttachments="false" sendsAttachments="false" anonymous="optional"><con:settings/><con:call id="78f0849e-95d6-4faf-b0da-643d36675ca0" name="Request 1"><con:settings/><con:encoding>UTF-8</con:encoding><con:endpoint>http://users.bugred.ru/tasks/soap/WrapperSoapServer.php</con:endpoint><con:request><![CDATA[<soapenv:Envelope xmlns:soapenv="http://schemas.xmlsoap.org/soap/envelope/" xmlns:wrap="http://foo.bar/wrappersoapserver">\r
   <soapenv:Header/>\r
   <soapenv:Body>\r
      <wrap:getUserFull>\r
         <email>?</email>\r
      </wrap:getUserFull>\r
   </soapenv:Body>\r
</soapenv:Envelope>]]></con:request><con:wsaConfig mustUnderstand="NONE" version="200508" action="http://foo.bar/wrappersoapserver/#getUserFull"/></con:call></con:operation><con:operation id="518e4451-ad62-4c9b-9446-a3d5a223cb6a" isOneWay="false" action="http://foo.bar/wrappersoapserver/#MagicSearch" name="MagicSearch" bindingOperationName="MagicSearch" type="Request-Response" inputName="" receivesAttachments="false" sendsAttachments="false" anonymous="optional"><con:settings/><con:call id="d4dc36a1-010e-4fc8-9326-45d058b5d22e" name="Request 1"><con:settings/><con:encoding>UTF-8</con:encoding><con:endpoint>http://users.bugred.ru/tasks/soap/WrapperSoapServer.php</con:endpoint><con:request><![CDATA[<soapenv:Envelope xmlns:soapenv="http://schemas.xmlsoap.org/soap/envelope/" xmlns:wrap="http://foo.bar/wrappersoapserver">\r
   <soapenv:Header/>\r
   <soapenv:Body>\r
      <wrap:MagicSearch>\r
         <query>?</query>\r
         <partyType>?</partyType>\r
         <taskStatus>?</taskStatus>\r
         <maxCount>?</maxCount>\r
      </wrap:MagicSearch>\r
   </soapenv:Body>\r
</soapenv:Envelope>]]></con:request><con:wsaConfig mustUnderstand="NONE" version="200508" action="http://foo.bar/wrappersoapserver/#MagicSearch"/></con:call></con:operation><con:operation id="3dfaba70-1333-4a5e-b400-58cd2404afdc" isOneWay="false" action="http://foo.bar/wrappersoapserver/#UpdateTask" name="UpdateTask" bindingOperationName="UpdateTask" type="Request-Response" inputName="" receivesAttachments="false" sendsAttachments="false" anonymous="optional"><con:settings/><con:call id="a1ddf75c-9e8b-458e-948a-1c5251a39032" name="Request 1"><con:settings/><con:encoding>UTF-8</con:encoding><con:endpoint>http://users.bugred.ru/tasks/soap/WrapperSoapServer.php</con:endpoint><con:request><![CDATA[<soapenv:Envelope xmlns:soapenv="http://schemas.xmlsoap.org/soap/envelope/" xmlns:wrap="http://foo.bar/wrappersoapserver">\r
   <soapenv:Header/>\r
   <soapenv:Body>\r
      <wrap:UpdateTask>\r
         <email_owner>?</email_owner>\r
         <email_assign>?</email_assign>\r
         <id_task>?</id_task>\r
         <task_title>?</task_title>\r
         <task_description>?</task_description>\r
      </wrap:UpdateTask>\r
   </soapenv:Body>\r
</soapenv:Envelope>]]></con:request><con:wsaConfig mustUnderstand="NONE" version="200508" action="http://foo.bar/wrappersoapserver/#UpdateTask"/></con:call></con:operation><con:operation id="9bb3e5c0-bc27-4456-a4b7-72ee4e7490cc" isOneWay="false" action="http://foo.bar/wrappersoapserver/#UpdateUserOneField" name="UpdateUserOneField" bindingOperationName="UpdateUserOneField" type="Request-Response" inputName="" receivesAttachments="false" sendsAttachments="false" anonymous="optional"><con:settings/><con:call id="23282a27-a871-46c2-b9b7-6474f854359a" name="Request 1"><con:settings/><con:encoding>UTF-8</con:encoding><con:endpoint>http://users.bugred.ru/tasks/soap/WrapperSoapServer.php</con:endpoint><con:request><![CDATA[<soapenv:Envelope xmlns:soapenv="http://schemas.xmlsoap.org/soap/envelope/" xmlns:wrap="http://foo.bar/wrappersoapserver">\r
   <soapenv:Header/>\r
   <soapenv:Body>\r
      <wrap:UpdateUserOneField>\r
         <email>?</email>\r
         <field>?</field>\r
         <value>?</value>\r
      </wrap:UpdateUserOneField>\r
   </soapenv:Body>\r
</soapenv:Envelope>]]></con:request><con:wsaConfig mustUnderstand="NONE" version="200508" action="http://foo.bar/wrappersoapserver/#UpdateUserOneField"/></con:call></con:operation></con:interface><con:properties/><con:wssContainer/><con:oAuth2ProfileContainer/><con:oAuth1ProfileContainer/><con:sensitiveInformation/></con:soapui-project>